                      -10               -0.0904572                -0.0157105 
                 -9.80271                -0.116234                -0.0163505 
                 -9.61057                -0.115239                -0.0170161 
                 -9.42323                -0.115623                -0.0177091 
                 -9.24036                -0.116573                -0.0184312 
                 -9.06168                -0.117842                -0.0191845 
                 -8.88693                -0.119321                -0.0199712 
                 -8.71585                -0.120957                -0.0207935 
                 -8.54825                -0.122717                 -0.021654 
                  -8.3839                -0.124583                -0.0225554 
                 -8.22264                -0.126542                -0.0235005 
                 -8.06429                -0.128588                -0.0244924 
                 -7.90869                -0.130714                -0.0255348 
                 -7.75571                -0.132919                -0.0266311 
                  -7.6052                -0.135201                -0.0277855 
                 -7.45704                -0.137559                -0.0290023 
                 -7.31111                -0.139993                -0.0302863 
                 -7.16732                -0.142505                -0.0316428 
                 -7.02555                -0.145094                -0.0330773 
                 -6.88571                -0.147763                -0.0345961 
                 -6.74771                -0.150513                 -0.036206 
                 -6.61147                -0.153346                -0.0379143 
                 -6.47691                -0.156264                -0.0397293 
                 -6.34396                -0.159269                -0.0416597 
                 -6.21254                -0.162364                -0.0437153 
                  -6.0826                 -0.16555                -0.0459069 
                 -5.95406                -0.168829                -0.0482463 
                 -5.82687                -0.172203                -0.0507464 
                 -5.70098                -0.175674                -0.0534215 
                 -5.57633                -0.179242                -0.0562875 
                 -5.45286                -0.182908                -0.0593619 
                 -5.33054                -0.186673                -0.0626637 
                 -5.20932                -0.190534                -0.0662145 
                 -5.08914                 -0.19449                -0.0700376 
                 -4.96998                -0.198536                -0.0741591 
                 -4.85179                -0.202667                -0.0786075 
                 -4.73453                -0.206874                -0.0834145 
                 -4.61816                -0.211146                -0.0886148 
                 -4.50266                -0.215468                -0.0942464 
                 -4.38798                -0.219819                 -0.100351 
                  -4.2741                -0.224174                 -0.106973 
                 -4.16099                -0.228501                 -0.114162 
                 -4.04861                -0.232756                 -0.121968 
                 -3.93695                -0.236889                 -0.130447 
                 -3.82598                -0.240833                 -0.139653 
                 -3.71569                -0.244508                 -0.149642 
                 -3.60607                -0.247817                 -0.160466 
                 -3.49713                -0.250642                 -0.172168 
                 -3.38888                -0.252841                 -0.184782 
                  -3.2814                -0.254252                 -0.198318 
                 -3.17475                -0.254687                 -0.212754 
                 -3.06909                -0.253946                 -0.228027 
                 -2.96462                -0.251818                 -0.244014 
                 -2.86163                -0.248104                 -0.260523 
                  -2.7605                -0.242643                 -0.277285 
                 -2.66168                -0.235339                 -0.293954 
                 -2.56571                -0.226195                 -0.310132 
                 -2.47314                -0.215332                 -0.325401 
                 -2.38449                -0.202991                 -0.339375 
                  -2.3002                -0.189508                 -0.351747 
                 -2.22055                -0.175277                 -0.362322 
                 -2.14569                -0.160697                 -0.371026 
                 -2.07558                -0.146134                 -0.377899 
                 -2.01007                -0.131888                 -0.383068 
                 -1.94891                -0.118186                 -0.386715 
                 -1.89182                -0.105176                 -0.389045 
                 -1.83845               -0.0929434                  -0.39026 
                 -1.78848                -0.081527                 -0.390552 
                  -1.7416               -0.0709313                 -0.390088 
                 -1.69751               -0.0611362                 -0.389019 
                 -1.65595               -0.0521058                 -0.387471 
                 -1.61666               -0.0437951                 -0.385547 
                 -1.57943               -0.0361553                 -0.383336 
                 -1.54406               -0.0291369                 -0.380906 
                 -1.51039               -0.0226911                 -0.378317 
                 -1.47826               -0.0167714                 -0.375614 
                 -1.44753               -0.0113339                 -0.372837 
                 -1.41808              -0.00633802                 -0.370014 
                 -1.38981              -0.00174645                 -0.367172 
                 -1.36262               0.00247499                 -0.364328 
                 -1.33643               0.00635745                   -0.3615 
                 -1.31115               0.00992927                   -0.3587 
                 -1.28673                0.0132161                 -0.355937 
                 -1.26309                0.0162414                 -0.353219 
                 -1.24018                0.0190262                 -0.350553 
                 -1.21795                0.0215897                 -0.347943 
                 -1.19637                0.0239494                 -0.345392 
                 -1.17537                 0.026121                 -0.342905 
                 -1.15494                 0.028119                 -0.340481 
                 -1.13502                0.0299565                 -0.338124 
                  -1.1156                0.0316454                 -0.335833 
                 -1.09664                0.0331967                  -0.33361 
                 -1.07811                0.0346202                 -0.331455 
                    -1.06                0.0359253                 -0.329366 
                 -1.04228                0.0371202                 -0.327346 
                 -1.02492                0.0382126                 -0.325392 
                 -1.00791                0.0392098                 -0.323505 
                -0.991234                0.0401181                 -0.321684 
                -0.974871                0.0409438                 -0.319928 
                -0.958807                0.0416923                 -0.318237 
                -0.943027                 0.042369                 -0.316611 
                -0.927517                0.0429787                 -0.315048 
                -0.912266                0.0435258                 -0.313547 
                -0.897261                0.0440146                 -0.312109 
                -0.882491                0.0444491                 -0.310732 
                -0.867946                 0.044833                 -0.309417 
                -0.853617                0.0451698                 -0.308161 
                -0.839493                0.0454627                 -0.306965 
                -0.825566                 0.045715                 -0.305829 
                -0.811829                0.0459296                 -0.304751 
                -0.798273                0.0461093                 -0.303731 
                -0.784891                0.0462569                 -0.302769 
                -0.771677                0.0463749                 -0.301864 
                -0.758623                0.0464658                 -0.301016 
                -0.745723                 0.046532                 -0.300225 
                -0.732972                 0.046576                 -0.299489 
                -0.720364                0.0465999                  -0.29881 
                -0.707894                0.0466059                 -0.298186 
                -0.695556                0.0465964                 -0.297618 
                -0.683346                0.0465733                 -0.297105 
                -0.671258                0.0465388                 -0.296647 
                 -0.65929                 0.046495                 -0.296244 
                -0.647436                 0.046444                 -0.295896 
                -0.635692                0.0463879                 -0.295602 
                -0.624055                0.0463286                 -0.295363 
                -0.612521                0.0462684                 -0.295178 
                -0.601085                0.0462094                 -0.295048 
                -0.589746                0.0461535                 -0.294971 
                  -0.5785                0.0461031                 -0.294949 
                -0.567343                0.0460602                 -0.294981 
                -0.556272                0.0460271                 -0.295066 
                -0.545285                0.0460062                 -0.295205 
                -0.534379                0.0459996                 -0.295398 
                -0.523551                0.0460097                 -0.295644 
                -0.512799                0.0460391                 -0.295944 
                -0.502119                0.0460901                 -0.296296 
                 -0.49151                0.0461654                 -0.296701 
                -0.480969                0.0462676                 -0.297158 
                -0.470495                0.0463993                 -0.297667 
                -0.460084                0.0465634                 -0.298227 
                -0.449734                0.0467627                 -0.298837 
                -0.439445                0.0470001                 -0.299498 
                -0.429212                0.0472786                 -0.300207 
                -0.419036                0.0476014                 -0.300965 
                -0.408914                0.0479716                  -0.30177 
                -0.398843                0.0483925                  -0.30262 
                -0.388823                0.0488673                 -0.303515 
                -0.378851                0.0493994                 -0.304453 
                -0.368926                0.0499923                 -0.305432 
                -0.359047                0.0506495                 -0.306449 
                -0.349211                0.0513744                 -0.307504 
                -0.339417                0.0521707                 -0.308592 
                -0.329664                0.0530419                 -0.309713 
                -0.319949                0.0539916                 -0.310862 
                -0.310273                0.0550234                 -0.312036 
                -0.300633                0.0561407                 -0.313231 
                -0.291028                 0.057347                 -0.314445 
                -0.281456                0.0586456                 -0.315672 
                -0.271917                0.0600398                 -0.316907 
                -0.262408                0.0615326                 -0.318147 
                 -0.25293                 0.063127                 -0.319385 
                -0.243479                0.0648255                 -0.320615 
                -0.234056                0.0666306                 -0.321833 
                -0.224659                0.0685443                  -0.32303 
                -0.215287                0.0705684                 -0.324201 
                -0.205939                 0.072704                 -0.325339 
                -0.196613                0.0749522                 -0.326435 
                -0.187309                0.0773132                 -0.327482 
                -0.178025                0.0797869                 -0.328473 
                -0.168761                0.0823728                 -0.329398 
                -0.159514                0.0850697                 -0.330251 
                -0.150285                0.0878756                 -0.331021 
                -0.141072                0.0907876                 -0.331699 
                -0.131874                 0.093802                 -0.332278 
                 -0.12269                0.0969147                 -0.332749 
                -0.113518                  0.10012                 -0.333101 
                -0.104359                 0.103413                 -0.333328 
               -0.0952115                 0.106784                 -0.333421 
               -0.0860743                 0.110227                 -0.333374 
                -0.076956                 0.113729                 -0.333179 
               -0.0679467                 0.117245                 -0.332835 
               -0.0595862                 0.120549                 -0.332377 
                -0.053063                  0.12315                 -0.331923 
               -0.0486321                 0.124926                 -0.331565 
               -0.0455637                 0.126159                 -0.331294 
               -0.0432833                 0.127077                  -0.33108 
               -0.0414838                 0.127802                 -0.330903 
               -0.0400003                   0.1284                 -0.330752 
               -0.0387381                 0.128908                  -0.33062 
               -0.0376384                 0.129352                 -0.330503 
                -0.036663                 0.129745                 -0.330396 
               -0.0357854                 0.130099                 -0.330299 
               -0.0349868                 0.130422                 -0.330209 
               -0.0342533                 0.130718                 -0.330125 
               -0.0335744                 0.130991                 -0.330046 
               -0.0329419                 0.131247                 -0.329972 
               -0.0323494                 0.131486                 -0.329901 
               -0.0317915                 0.131711                 -0.329835 
               -0.0312642                 0.131924                 -0.329771 
               -0.0307639                 0.132125                  -0.32971 
               -0.0302876                 0.132318                 -0.329651 
               -0.0298329                 0.132501                 -0.329595 
               -0.0293976                 0.132677                  -0.32954 
                 -0.02898                 0.132845                 -0.329488 
               -0.0285785                 0.133007                 -0.329437 
               -0.0281917                 0.133163                 -0.329387 
               -0.0278185                 0.133313                 -0.329339 
               -0.0274577                 0.133459                 -0.329293 
               -0.0271084                   0.1336                 -0.329247 
               -0.0267698                 0.133736                 -0.329203 
               -0.0264412                 0.133869                  -0.32916 
               -0.0261218                 0.133997                 -0.329118 
               -0.0258111                 0.134123                 -0.329076 
               -0.0255086                 0.134245                 -0.329036 
               -0.0252136                 0.134363                 -0.328996 
               -0.0249259                 0.134479                 -0.328958 
               -0.0246449                 0.134592                  -0.32892 
               -0.0243703                 0.134703                 -0.328882 
               -0.0241018                 0.134811                 -0.328846 
               -0.0238389                 0.134917                  -0.32881 
               -0.0235815                 0.135021                 -0.328774 
               -0.0233293                 0.135122                 -0.328739 
                -0.023082                 0.135222                 -0.328705 
               -0.0228393                 0.135319                 -0.328671 
               -0.0226011                 0.135415                 -0.328638 
               -0.0223671                 0.135509                 -0.328605 
               -0.0221373                 0.135602                 -0.328573 
               -0.0219113                 0.135693                 -0.328541 
                -0.021689                 0.135782                 -0.328509 
               -0.0214703                  0.13587                 -0.328478 
                -0.021255                 0.135957                 -0.328447 
               -0.0210429                 0.136042                 -0.328417 
               -0.0208341                 0.136126                 -0.328387 
               -0.0206283                 0.136209                 -0.328358 
               -0.0204254                  0.13629                 -0.328328 
               -0.0202253                 0.136371                 -0.328299 
               -0.0200279                  0.13645                 -0.328271 
               -0.0198331                 0.136528                 -0.328242 
               -0.0196408                 0.136605                 -0.328214 
                -0.019451                 0.136682                 -0.328186 
               -0.0192635                 0.136757                 -0.328159 
               -0.0190783                 0.136831                 -0.328131 
               -0.0188953                 0.136905                 -0.328104 
               -0.0187145                 0.136977                 -0.328078 
               -0.0185356                 0.137049                 -0.328051 
               -0.0183588                  0.13712                 -0.328025 
               -0.0181839                  0.13719                 -0.327999 
               -0.0180109                  0.13726                 -0.327973 
               -0.0178396                 0.137328                 -0.327947 
               -0.0176702                 0.137396                 -0.327921 
               -0.0175024                 0.137463                 -0.327896 
               -0.0173363                  0.13753                 -0.327871 
               -0.0171718                 0.137596                 -0.327846 
               -0.0170089                 0.137661                 -0.327821 
               -0.0168475                 0.137726                 -0.327797 
               -0.0166876                  0.13779                 -0.327773 
               -0.0165292                 0.137853                 -0.327748 
               -0.0163721                 0.137916                 -0.327724 
               -0.0162164                 0.137979                   -0.3277 
                -0.016062                 0.138041                 -0.327677 
               -0.0159089                 0.138102                 -0.327653 
               -0.0157571                 0.138163                  -0.32763 
               -0.0156065                 0.138223                 -0.327606 
               -0.0154571                 0.138283                 -0.327583 
               -0.0153089                 0.138342                  -0.32756 
               -0.0151618                 0.138401                 -0.327537 
               -0.0150158                 0.138459                 -0.327514 
               -0.0148709                 0.138517                 -0.327492 
                -0.014727                 0.138575                 -0.327469 
               -0.0145842                 0.138632                 -0.327447 
               -0.0144424                 0.138689                 -0.327424 
               -0.0143016                 0.138745                 -0.327402 
               -0.0141617                 0.138801                  -0.32738 
               -0.0140228                 0.138856                 -0.327358 
               -0.0138848                 0.138911                 -0.327336 
               -0.0137477                 0.138966                 -0.327314 
               -0.0136115                 0.139021                 -0.327293 
               -0.0134761                 0.139075                 -0.327271 
               -0.0133416                 0.139128                  -0.32725 
               -0.0132079                 0.139182                 -0.327228 
               -0.0130749                 0.139235                 -0.327207 
               -0.0129428                 0.139287                 -0.327186 
               -0.0128115                  0.13934                 -0.327165 
               -0.0126808                 0.139392                 -0.327144 
                -0.012551                 0.139444                 -0.327123 
               -0.0124218                 0.139495                 -0.327102 
               -0.0122934                 0.139546                 -0.327081 
               -0.0121656                 0.139597                  -0.32706 
               -0.0120385                 0.139648                  -0.32704 
               -0.0119121                 0.139698                 -0.327019 
               -0.0117863                 0.139749                 -0.326998 
               -0.0116612                 0.139798                 -0.326978 
               -0.0115366                 0.139848                 -0.326958 
               -0.0114127                 0.139897                 -0.326937 
               -0.0112894                 0.139946                 -0.326917 
               -0.0111667                 0.139995                 -0.326897 
               -0.0110445                 0.140044                 -0.326877 
               -0.0109229                 0.140092                 -0.326857 
               -0.0108018                 0.140141                 -0.326837 
               -0.0106813                 0.140188                 -0.326817 
               -0.0105613                 0.140236                 -0.326797 
               -0.0104419                 0.140284                 -0.326777 
               -0.0103229                 0.140331                 -0.326757 
               -0.0102044                 0.140378                 -0.326738 
               -0.0100865                 0.140425                 -0.326718 
              -0.00996898                 0.140472                 -0.326698 
              -0.00985195                 0.140518                 -0.326679 
              -0.00973538                 0.140565                 -0.326659 
              -0.00961927                 0.140611                  -0.32664 
              -0.00950359                 0.140657                  -0.32662 
              -0.00938835                 0.140702                 -0.326601 
              -0.00927354                 0.140748                 -0.326582 
              -0.00915914                 0.140793                 -0.326562 
              -0.00904515                 0.140839                 -0.326543 
              -0.00893156                 0.140884                 -0.326524 
              -0.00881836                 0.140929                 -0.326505 
              -0.00870555                 0.140973                 -0.326486 
              -0.00859312                 0.141018                 -0.326467 
              -0.00848105                 0.141062                 -0.326447 
              -0.00836935                 0.141107                 -0.326428 
              -0.00825801                 0.141151                 -0.326409 
              -0.00814702                 0.141195                  -0.32639 
              -0.00803637                 0.141239                 -0.326372 
              -0.00792605                 0.141282                 -0.326353 
              -0.00781607                 0.141326                 -0.326334 
               -0.0077064                 0.141369                 -0.326315 
              -0.00759706                 0.141412                 -0.326296 
              -0.00748802                 0.141456                 -0.326277 
              -0.00737929                 0.141499                 -0.326259 
              -0.00727085                 0.141542                  -0.32624 
              -0.00716271                 0.141584                 -0.326221 
              -0.00705485                 0.141627                 -0.326202 
              -0.00694728                 0.141669                 -0.326184 
              -0.00683998                 0.141712                 -0.326165 
              -0.00673294                 0.141754                 -0.326147 
              -0.00662618                 0.141796                 -0.326128 
              -0.00651966                 0.141838                 -0.326109 
              -0.00641341                  0.14188                 -0.326091 
               -0.0063074                 0.141922                 -0.326072 
              -0.00620163                 0.141964                 -0.326054 
               -0.0060961                 0.142006                 -0.326035 
               -0.0059908                 0.142047                 -0.326017 
              -0.00588573                 0.142089                 -0.325998 
              -0.00578088                  0.14213                  -0.32598 
              -0.00567624                 0.142171                 -0.325962 
              -0.00557182                 0.142212                 -0.325943 
              -0.00546761                 0.142253                 -0.325925 
               -0.0053636                 0.142294                 -0.325906 
              -0.00525979                 0.142335                 -0.325888 
              -0.00515617                 0.142376                  -0.32587 
              -0.00505274                 0.142417                 -0.325851 
               -0.0049495                 0.142457                 -0.325833 
              -0.00484644                 0.142498                 -0.325815 
              -0.00474355                 0.142538                 -0.325796 
              -0.00464084                 0.142579                 -0.325778 
              -0.00453829                 0.142619                  -0.32576 
              -0.00443591                 0.142659                 -0.325741 
              -0.00433368                   0.1427                 -0.325723 
              -0.00423161                  0.14274                 -0.325705 
              -0.00412969                  0.14278                 -0.325686 
              -0.00402792                  0.14282                 -0.325668 
              -0.00392629                 0.142859                  -0.32565 
               -0.0038248                 0.142899                 -0.325632 
              -0.00372345                 0.142939                 -0.325613 
              -0.00362222                 0.142979                 -0.325595 
              -0.00352112                 0.143018                 -0.325577 
              -0.00342015                 0.143058                 -0.325558 
              -0.00331929                 0.143097                  -0.32554 
              -0.00321855                 0.143137                 -0.325522 
              -0.00311793                 0.143176                 -0.325504 
              -0.00301741                 0.143216                 -0.325485 
              -0.00291699                 0.143255                 -0.325467 
              -0.00281668                 0.143294                 -0.325449 
              -0.00271646                 0.143333                 -0.325431 
              -0.00261633                 0.143373                 -0.325412 
               -0.0025163                 0.143412                 -0.325394 
              -0.00241635                 0.143451                 -0.325376 
              -0.00231649                  0.14349                 -0.325357 
               -0.0022167                 0.143529                 -0.325339 
              -0.00211699                 0.143567                 -0.325321 
              -0.00201735                 0.143606                 -0.325302 
              -0.00191778                 0.143645                 -0.325284 
              -0.00181828                 0.143684                 -0.325266 
              -0.00171883                 0.143723                 -0.325247 
              -0.00161945                 0.143761                 -0.325229 
              -0.00152012                   0.1438                 -0.325211 
              -0.00142084                 0.143839                 -0.325192 
              -0.00132161                 0.143877                 -0.325174 
              -0.00122242                 0.143916                 -0.325155 
              -0.00112328                 0.143954                 -0.325137 
              -0.00102417                 0.143993                 -0.325119 
             -0.000925097                 0.144032                   -0.3251 
             -0.000826055                  0.14407                 -0.325082 
             -0.000727041                 0.144108                 -0.325063 
             -0.000628052                 0.144147                 -0.325045 
             -0.000529084                 0.144185                 -0.325026 
             -0.000430137                 0.144224                 -0.325008 
             -0.000332165                 0.144262                 -0.324989 
             -0.000257685                 0.144292                 -0.324975 
             -0.000223345                 0.144305                 -0.324969 
             -0.000204334                 0.144313                 -0.324965 
             -0.000191308                 0.144318                 -0.324963 
             -0.000181351                 0.144322                 -0.324961 
             -0.000173249                 0.144325                 -0.324959 
             -0.000166386                 0.144328                 -0.324958 
              -0.00016041                  0.14433                 -0.324957 
             -0.000155101                 0.144332                 -0.324956 
             -0.000150311                 0.144334                 -0.324955 
             -0.000145939                 0.144336                 -0.324954 
             -0.000141908                 0.144338                 -0.324953 
             -0.000138163                 0.144339                 -0.324953 
              -0.00013466                 0.144341                 -0.324952 
             -0.000131365                 0.144342                 -0.324951 
             -0.000128251                 0.144343                 -0.324951 
             -0.000125296                 0.144344                  -0.32495 
             -0.000122481                 0.144346                  -0.32495 
             -0.000119791                 0.144347                 -0.324949 
             -0.000117213                 0.144348                 -0.324949 
             -0.000114737                 0.144349                 -0.324948 
             -0.000112352                  0.14435                 -0.324948 
              -0.00011005                 0.144351                 -0.324947 
             -0.000107825                 0.144352                 -0.324947 
              -0.00010567                 0.144352                 -0.324947 
              -0.00010358                 0.144353                 -0.324946 
             -0.000101549                 0.144354                 -0.324946 
             -9.95738e-05                 0.144355                 -0.324946 
             -9.76499e-05                 0.144356                 -0.324945 
             -9.57739e-05                 0.144357                 -0.324945 
             -9.39427e-05                 0.144357                 -0.324944 
             -9.21533e-05                 0.144358                 -0.324944 
             -9.04033e-05                 0.144359                 -0.324944 
             -8.86902e-05                 0.144359                 -0.324943 
             -8.70118e-05                  0.14436                 -0.324943 
             -8.53662e-05                 0.144361                 -0.324943 
             -8.37516e-05                 0.144362                 -0.324943 
             -8.21661e-05                 0.144362                 -0.324942 
             -8.06084e-05                 0.144363                 -0.324942 
             -7.90769e-05                 0.144364                 -0.324942 
             -7.75703e-05                 0.144364                 -0.324941 
             -7.60874e-05                 0.144365                 -0.324941 
              -7.4627e-05                 0.144365                 -0.324941 
              -7.3188e-05                 0.144366                 -0.324941 
             -7.17694e-05                 0.144367                  -0.32494 
             -7.03703e-05                 0.144367                  -0.32494 
             -6.89897e-05                 0.144368                  -0.32494 
              -6.7627e-05                 0.144368                 -0.324939 
             -6.62811e-05                 0.144369                 -0.324939 
             -6.49515e-05                  0.14437                 -0.324939 
             -6.36374e-05                  0.14437                 -0.324939 
             -6.23382e-05                 0.144371                 -0.324939 
             -6.10532e-05                 0.144371                 -0.324938 
             -5.97819e-05                 0.144372                 -0.324938 
             -5.85237e-05                 0.144372                 -0.324938 
              -5.7278e-05                 0.144373                 -0.324938 
             -5.60444e-05                 0.144373                 -0.324937 
             -5.48223e-05                 0.144374                 -0.324937 
             -5.36113e-05                 0.144375                 -0.324937 
              -5.2411e-05                 0.144375                 -0.324937 
              -5.1221e-05                 0.144376                 -0.324936 
             -5.00408e-05                 0.144376                 -0.324936 
             -4.88701e-05                 0.144377                 -0.324936 
             -4.77085e-05                 0.144377                 -0.324936 
             -4.65557e-05                 0.144378                 -0.324936 
             -4.54112e-05                 0.144378                 -0.324935 
             -4.42749e-05                 0.144379                 -0.324935 
             -4.31463e-05                 0.144379                 -0.324935 
             -4.20253e-05                  0.14438                 -0.324935 
             -4.09114e-05                  0.14438                 -0.324934 
             -3.98044e-05                 0.144381                 -0.324934 
             -3.87041e-05                 0.144381                 -0.324934 
             -3.76102e-05                 0.144382                 -0.324934 
             -3.65224e-05                 0.144382                 -0.324934 
             -3.54405e-05                 0.144383                 -0.324933 
             -3.43642e-05                 0.144383                 -0.324933 
             -3.32934e-05                 0.144384                 -0.324933 
             -3.22278e-05                 0.144384                 -0.324933 
             -3.11672e-05                 0.144385                 -0.324933 
             -3.01114e-05                 0.144386                 -0.324932 
             -2.90601e-05                 0.144386                 -0.324932 
             -2.80133e-05                 0.144387                 -0.324932 
             -2.69706e-05                 0.144387                 -0.324932 
             -2.59319e-05                 0.144388                 -0.324932 
             -2.48971e-05                 0.144388                 -0.324931 
             -2.38659e-05                 0.144389                 -0.324931 
             -2.28382e-05                 0.144389                 -0.324931 
             -2.18138e-05                  0.14439                 -0.324931 
             -2.07925e-05                  0.14439                 -0.324931 
             -1.97742e-05                 0.144391                  -0.32493 
             -1.87587e-05                 0.144392                  -0.32493 
             -1.77458e-05                 0.144392                  -0.32493 
             -1.67355e-05                 0.144393                  -0.32493 
             -1.57274e-05                 0.144393                  -0.32493 
             -1.47216e-05                 0.144394                  -0.32493 
             -1.37178e-05                 0.144395                 -0.324929 
             -1.27159e-05                 0.144395                 -0.324929 
             -1.17157e-05                 0.144396                 -0.324929 
             -1.07171e-05                 0.144397                 -0.324929 
              -9.7201e-06                 0.144397                 -0.324929 
              -8.7243e-06                 0.144398                 -0.324928 
              -7.7297e-06                 0.144399                 -0.324928 
              -6.7362e-06                   0.1444                 -0.324928 
              -5.7435e-06                 0.144401                 -0.324928 
              -4.7517e-06                 0.144402                 -0.324928 
              -3.7605e-06                 0.144403                 -0.324927 
              -2.7698e-06                 0.144405                 -0.324927 
              -1.7795e-06                 0.144407                 -0.324927 
               -7.894e-07                 0.144413                 -0.324927 
                2.006e-07                 0.144414                 -0.324915 
               1.1906e-06                 0.144408                 -0.324915 
               2.1808e-06                 0.144407                 -0.324914 
               3.1712e-06                 0.144406                 -0.324914 
               4.1621e-06                 0.144405                 -0.324914 
               5.1536e-06                 0.144405                 -0.324914 
               6.1457e-06                 0.144405                 -0.324914 
               7.1387e-06                 0.144404                 -0.324913 
               8.1326e-06                 0.144404                 -0.324913 
               9.1277e-06                 0.144404                 -0.324913 
               1.0124e-05                 0.144404                 -0.324913 
              1.11216e-05                 0.144404                 -0.324913 
              1.21208e-05                 0.144404                 -0.324913 
              1.31217e-05                 0.144404                 -0.324912 
              1.41243e-05                 0.144404                 -0.324912 
               1.5129e-05                 0.144405                 -0.324912 
              1.61357e-05                 0.144405                 -0.324912 
              1.71446e-05                 0.144405                 -0.324912 
               1.8156e-05                 0.144405                 -0.324912 
              1.91699e-05                 0.144405                 -0.324911 
              2.01865e-05                 0.144405                 -0.324911 
               2.1206e-05                 0.144406                 -0.324911 
              2.22286e-05                 0.144406                 -0.324911 
              2.32543e-05                 0.144406                 -0.324911 
              2.42834e-05                 0.144406                  -0.32491 
               2.5316e-05                 0.144406                  -0.32491 
              2.63524e-05                 0.144407                  -0.32491 
              2.73926e-05                 0.144407                  -0.32491 
               2.8437e-05                 0.144407                  -0.32491 
              2.94856e-05                 0.144407                  -0.32491 
              3.05387e-05                 0.144408                 -0.324909 
              3.15964e-05                 0.144408                 -0.324909 
               3.2659e-05                 0.144408                 -0.324909 
              3.37267e-05                 0.144408                 -0.324909 
              3.47997e-05                 0.144409                 -0.324909 
              3.58782e-05                 0.144409                 -0.324908 
              3.69625e-05                 0.144409                 -0.324908 
              3.80527e-05                  0.14441                 -0.324908 
              3.91492e-05                  0.14441                 -0.324908 
              4.02522e-05                  0.14441                 -0.324908 
              4.13619e-05                  0.14441                 -0.324907 
              4.24787e-05                 0.144411                 -0.324907 
              4.36028e-05                 0.144411                 -0.324907 
              4.47344e-05                 0.144411                 -0.324907 
               4.5874e-05                 0.144412                 -0.324907 
              4.70218e-05                 0.144412                 -0.324906 
              4.81782e-05                 0.144412                 -0.324906 
              4.93434e-05                 0.144413                 -0.324906 
              5.05179e-05                 0.144413                 -0.324906 
              5.17021e-05                 0.144413                 -0.324906 
              5.28962e-05                 0.144414                 -0.324905 
              5.41008e-05                 0.144414                 -0.324905 
              5.53162e-05                 0.144415                 -0.324905 
              5.65429e-05                 0.144415                 -0.324905 
              5.77813e-05                 0.144415                 -0.324905 
               5.9032e-05                 0.144416                 -0.324904 
              6.02955e-05                 0.144416                 -0.324904 
              6.15723e-05                 0.144416                 -0.324904 
               6.2863e-05                 0.144417                 -0.324904 
              6.41682e-05                 0.144417                 -0.324903 
              6.54884e-05                 0.144418                 -0.324903 
              6.68245e-05                 0.144418                 -0.324903 
              6.81771e-05                 0.144419                 -0.324903 
               6.9547e-05                 0.144419                 -0.324903 
               7.0935e-05                 0.144419                 -0.324902 
              7.23419e-05                  0.14442                 -0.324902 
              7.37686e-05                  0.14442                 -0.324902 
              7.52162e-05                 0.144421                 -0.324902 
              7.66856e-05                 0.144421                 -0.324901 
              7.81779e-05                 0.144422                 -0.324901 
              7.96945e-05                 0.144422                 -0.324901 
              8.12364e-05                 0.144423                   -0.3249 
              8.28052e-05                 0.144423                   -0.3249 
              8.44023e-05                 0.144424                   -0.3249 
              8.60293e-05                 0.144424                   -0.3249 
              8.76879e-05                 0.144425                 -0.324899 
              8.93801e-05                 0.144425                 -0.324899 
              9.11079e-05                 0.144426                 -0.324899 
              9.28736e-05                 0.144427                 -0.324898 
              9.46796e-05                 0.144427                 -0.324898 
              9.65286e-05                 0.144428                 -0.324898 
              9.84236e-05                 0.144428                 -0.324897 
              0.000100368                 0.144429                 -0.324897 
              0.000102365                  0.14443                 -0.324897 
              0.000104419                  0.14443                 -0.324896 
              0.000106536                 0.144431                 -0.324896 
              0.000108718                 0.144432                 -0.324896 
              0.000110973                 0.144433                 -0.324895 
              0.000113308                 0.144434                 -0.324895 
              0.000115729                 0.144434                 -0.324894 
              0.000118245                 0.144435                 -0.324894 
              0.000120867                 0.144436                 -0.324893 
              0.000123606                 0.144437                 -0.324893 
              0.000126475                 0.144438                 -0.324892 
              0.000129493                 0.144439                 -0.324892 
              0.000132677                  0.14444                 -0.324891 
              0.000136052                 0.144441                 -0.324891 
              0.000139649                 0.144443                  -0.32489 
              0.000143504                 0.144444                 -0.324889 
              0.000147666                 0.144445                 -0.324889 
              0.000152197                 0.144447                 -0.324888 
              0.000157183                 0.144449                 -0.324887 
              0.000162741                 0.144451                 -0.324886 
              0.000169044                 0.144453                 -0.324885 
              0.000176356                 0.144456                 -0.324884 
              0.000185114                 0.144459                 -0.324882 
              0.000196112                 0.144463                  -0.32488 
              0.000211035                 0.144468                 -0.324878 
              0.000234379                 0.144476                 -0.324873 
              0.000281878                 0.144494                 -0.324865 
              0.000371419                 0.144527                 -0.324849 
              0.000470231                 0.144563                 -0.324832 
              0.000569189                   0.1446                 -0.324814 
              0.000668165                 0.144638                 -0.324797 
              0.000767164                 0.144675                 -0.324779 
              0.000866189                 0.144713                 -0.324762 
              0.000965242                  0.14475                 -0.324744 
               0.00106433                 0.144788                 -0.324726 
               0.00116345                 0.144826                 -0.324709 
               0.00126261                 0.144863                 -0.324691 
               0.00136182                 0.144901                 -0.324673 
               0.00146107                 0.144939                 -0.324656 
               0.00156036                 0.144977                 -0.324638 
               0.00165972                 0.145015                  -0.32462 
               0.00175912                 0.145054                 -0.324602 
               0.00185859                 0.145092                 -0.324584 
               0.00195812                  0.14513                 -0.324567 
               0.00205772                 0.145168                 -0.324549 
               0.00215739                 0.145207                 -0.324531 
               0.00225713                 0.145245                 -0.324513 
               0.00235695                 0.145283                 -0.324495 
               0.00245685                 0.145322                 -0.324477 
               0.00255683                 0.145361                 -0.324458 
                0.0026569                 0.145399                  -0.32444 
               0.00275706                 0.145438                 -0.324422 
               0.00285732                 0.145476                 -0.324404 
               0.00295767                 0.145515                 -0.324386 
               0.00305813                 0.145554                 -0.324367 
               0.00315869                 0.145593                 -0.324349 
               0.00325936                 0.145632                 -0.324331 
               0.00336015                 0.145671                 -0.324312 
               0.00346105                  0.14571                 -0.324294 
               0.00356208                 0.145749                 -0.324275 
               0.00366323                 0.145788                 -0.324257 
                0.0037645                 0.145827                 -0.324238 
               0.00386591                 0.145867                 -0.324219 
               0.00396746                 0.145906                 -0.324201 
               0.00406915                 0.145945                 -0.324182 
               0.00417098                 0.145985                 -0.324163 
               0.00427296                 0.146024                 -0.324144 
               0.00437509                 0.146064                 -0.324125 
               0.00447738                 0.146103                 -0.324107 
               0.00457983                 0.146143                 -0.324088 
               0.00468244                 0.146183                 -0.324068 
               0.00478523                 0.146223                 -0.324049 
               0.00488818                 0.146263                  -0.32403 
               0.00499132                 0.146303                 -0.324011 
               0.00509464                 0.146343                 -0.323992 
               0.00519814                 0.146383                 -0.323972 
               0.00530184                 0.146423                 -0.323953 
               0.00540573                 0.146464                 -0.323934 
               0.00550982                 0.146504                 -0.323914 
               0.00561411                 0.146544                 -0.323895 
               0.00571862                 0.146585                 -0.323875 
               0.00582334                 0.146626                 -0.323855 
               0.00592828                 0.146666                 -0.323835 
               0.00603344                 0.146707                 -0.323816 
               0.00613884                 0.146748                 -0.323796 
               0.00624446                 0.146789                 -0.323776 
               0.00635033                  0.14683                 -0.323756 
               0.00645644                 0.146872                 -0.323736 
                0.0065628                 0.146913                 -0.323716 
               0.00666941                 0.146954                 -0.323695 
               0.00677629                 0.146996                 -0.323675 
               0.00688343                 0.147037                 -0.323655 
               0.00699084                 0.147079                 -0.323634 
               0.00709853                 0.147121                 -0.323614 
                0.0072065                 0.147163                 -0.323593 
               0.00731476                 0.147205                 -0.323572 
               0.00742332                 0.147247                 -0.323552 
               0.00753217                 0.147289                 -0.323531 
               0.00764133                 0.147332                  -0.32351 
               0.00775081                 0.147374                 -0.323489 
                0.0078606                 0.147417                 -0.323468 
               0.00797072                  0.14746                 -0.323446 
               0.00808117                 0.147503                 -0.323425 
               0.00819196                 0.147546                 -0.323404 
               0.00830309                 0.147589                 -0.323382 
               0.00841458                 0.147632                 -0.323361 
               0.00852642                 0.147676                 -0.323339 
               0.00863863                 0.147719                 -0.323317 
               0.00875122                 0.147763                 -0.323295 
               0.00886419                 0.147807                 -0.323273 
               0.00897754                 0.147851                 -0.323251 
               0.00909129                 0.147895                 -0.323229 
               0.00920545                  0.14794                 -0.323207 
               0.00932001                 0.147984                 -0.323184 
                 0.009435                 0.148029                 -0.323162 
               0.00955042                 0.148074                 -0.323139 
               0.00966627                 0.148119                 -0.323117 
               0.00978257                 0.148164                 -0.323094 
               0.00989932                 0.148209                 -0.323071 
                0.0100165                 0.148255                 -0.323048 
                0.0101342                   0.1483                 -0.323025 
                0.0102524                 0.148346                 -0.323001 
                0.0103711                 0.148392                 -0.322978 
                0.0104902                 0.148439                 -0.322954 
                0.0106099                 0.148485                  -0.32293 
                0.0107301                 0.148532                 -0.322907 
                0.0108508                 0.148579                 -0.322883 
                0.0109721                 0.148626                 -0.322858 
                0.0110939                 0.148673                 -0.322834 
                0.0112163                 0.148721                  -0.32281 
                0.0113393                 0.148768                 -0.322785 
                0.0114629                 0.148816                 -0.322761 
                 0.011587                 0.148865                 -0.322736 
                0.0117118                 0.148913                 -0.322711 
                0.0118372                 0.148962                 -0.322686 
                0.0119632                 0.149011                  -0.32266 
                0.0120899                  0.14906                 -0.322635 
                0.0122173                 0.149109                 -0.322609 
                0.0123453                 0.149159                 -0.322583 
                0.0124741                 0.149209                 -0.322557 
                0.0126035                 0.149259                 -0.322531 
                0.0127337                  0.14931                 -0.322505 
                0.0128646                  0.14936                 -0.322478 
                0.0129963                 0.149411                 -0.322451 
                0.0131287                 0.149463                 -0.322424 
                 0.013262                 0.149514                 -0.322397 
                 0.013396                 0.149566                  -0.32237 
                0.0135309                 0.149619                 -0.322342 
                0.0136666                 0.149671                 -0.322315 
                0.0138032                 0.149724                 -0.322287 
                0.0139406                 0.149777                 -0.322258 
                 0.014079                 0.149831                  -0.32223 
                0.0142183                 0.149885                 -0.322201 
                0.0143586                 0.149939                 -0.322172 
                0.0144998                 0.149994                 -0.322143 
                 0.014642                 0.150049                 -0.322114 
                0.0147852                 0.150105                 -0.322084 
                0.0149295                  0.15016                 -0.322054 
                0.0150748                 0.150217                 -0.322024 
                0.0152212                 0.150273                 -0.321994 
                0.0153688                  0.15033                 -0.321963 
                0.0155175                 0.150388                 -0.321932 
                0.0156674                 0.150446                 -0.321901 
                0.0158185                 0.150504                 -0.321869 
                0.0159708                 0.150563                 -0.321837 
                0.0161244                 0.150623                 -0.321805 
                0.0162793                 0.150683                 -0.321773 
                0.0164356                 0.150743                  -0.32174 
                0.0165932                 0.150804                 -0.321707 
                0.0167523                 0.150865                 -0.321673 
                0.0169128                 0.150927                 -0.321639 
                0.0170748                  0.15099                 -0.321605 
                0.0172383                 0.151053                  -0.32157 
                0.0174034                 0.151117                 -0.321535 
                0.0175702                 0.151181                   -0.3215 
                0.0177386                 0.151246                 -0.321464 
                0.0179088                 0.151312                 -0.321428 
                0.0180808                 0.151378                 -0.321391 
                0.0182545                 0.151445                 -0.321354 
                0.0184302                 0.151513                 -0.321316 
                0.0186079                 0.151582                 -0.321278 
                0.0187875                 0.151651                 -0.321239 
                0.0189692                 0.151721                   -0.3212 
                0.0191531                 0.151792                  -0.32116 
                0.0193392                 0.151864                  -0.32112 
                0.0195277                 0.151936                 -0.321079 
                0.0197185                  0.15201                 -0.321038 
                0.0199117                 0.152084                 -0.320996 
                0.0201075                 0.152159                 -0.320953 
                 0.020306                 0.152236                  -0.32091 
                0.0205072                 0.152313                 -0.320866 
                0.0207113                 0.152392                 -0.320821 
                0.0209184                 0.152471                 -0.320776 
                0.0211285                 0.152552                 -0.320729 
                0.0213418                 0.152634                 -0.320682 
                0.0215585                 0.152717                 -0.320634 
                0.0217786                 0.152802                 -0.320586 
                0.0220024                 0.152888                 -0.320536 
                0.0222299                 0.152975                 -0.320486 
                0.0224615                 0.153064                 -0.320434 
                0.0226971                 0.153154                 -0.320381 
                0.0229371                 0.153246                 -0.320328 
                0.0231816                  0.15334                 -0.320273 
                0.0234309                 0.153435                 -0.320217 
                0.0236852                 0.153532                  -0.32016 
                0.0239448                 0.153632                 -0.320101 
                0.0242099                 0.153733                 -0.320041 
                0.0244808                 0.153837                  -0.31998 
                 0.024758                 0.153943                 -0.319917 
                0.0250417                 0.154051                 -0.319852 
                0.0253323                 0.154162                 -0.319786 
                0.0256302                 0.154276                 -0.319717 
                 0.025936                 0.154392                 -0.319647 
                0.0262502                 0.154512                 -0.319575 
                0.0265732                 0.154635                   -0.3195 
                0.0269058                 0.154762                 -0.319423 
                0.0272486                 0.154892                 -0.319344 
                0.0276024                 0.155027                 -0.319261 
                0.0279682                 0.155166                 -0.319176 
                0.0283468                  0.15531                 -0.319087 
                0.0287394                 0.155459                 -0.318995 
                0.0291472                 0.155613                 -0.318898 
                0.0295718                 0.155774                 -0.318798 
                0.0300147                 0.155942                 -0.318692 
                0.0304779                 0.156117                 -0.318582 
                0.0309636                   0.1563                 -0.318465 
                0.0314745                 0.156493                 -0.318343 
                0.0320137                 0.156697                 -0.318212 
                 0.032585                 0.156912                 -0.318074 
                0.0331931                 0.157141                 -0.317925 
                0.0338435                 0.157385                 -0.317766 
                0.0345434                 0.157647                 -0.317593 
                0.0353019                 0.157931                 -0.317405 
                0.0361306                 0.158241                 -0.317198 
                0.0370452                 0.158582                 -0.316969 
                0.0380673                 0.158963                  -0.31671 
                0.0392273                 0.159393                 -0.316414 
                0.0405706                  0.15989                 -0.316068 
                0.0421678                 0.160479                 -0.315652 
                0.0441365                 0.161202                 -0.315133 
                0.0466873                 0.162132                 -0.314449 
                0.0502196                 0.163409                 -0.313482 
                0.0554291                 0.165268                 -0.312014 
                0.0628235                 0.167849                 -0.309849 
                 0.071568                 0.170811                 -0.307168 
                0.0806471                 0.173777                 -0.304255 
                0.0897758                 0.176636                 -0.301203 
                0.0989175                 0.179369                 -0.298032 
                  0.10807                 0.181969                 -0.294753 
                 0.117234                 0.184431                 -0.291376 
                  0.12641                 0.186749                 -0.287912 
                 0.135599                 0.188922                 -0.284369 
                 0.144803                 0.190948                 -0.280758 
                 0.154023                 0.192823                 -0.277089 
                 0.163259                 0.194547                 -0.273371 
                 0.172513                 0.196121                 -0.269615 
                 0.181785                 0.197545                 -0.265829 
                 0.191077                 0.198821                 -0.262023 
                  0.20039                 0.199951                 -0.258205 
                 0.209725                 0.200937                 -0.254384 
                 0.219082                 0.201783                 -0.250565 
                 0.228464                 0.202492                 -0.246758 
                 0.237872                 0.203068                 -0.242968 
                 0.247306                 0.203516                 -0.239201 
                 0.256767                 0.203839                 -0.235463 
                 0.266258                 0.204043                  -0.23176 
                 0.275779                 0.204132                 -0.228094 
                 0.285331                 0.204112                 -0.224472 
                 0.294916                 0.203986                 -0.220896 
                 0.304535                  0.20376                 -0.217369 
                  0.31419                 0.203438                 -0.213894 
                 0.323882                 0.203027                 -0.210474 
                 0.333611                  0.20253                  -0.20711 
                 0.343381                 0.201952                 -0.203804 
                 0.353192                 0.201298                 -0.200558 
                 0.363045                 0.200572                 -0.197371 
                 0.372943                 0.199778                 -0.194246 
                 0.382886                 0.198921                 -0.191183 
                 0.392878                 0.198005                 -0.188181 
                 0.402918                 0.197033                 -0.185241 
                 0.413009                 0.196009                 -0.182363 
                 0.423154                 0.194937                 -0.179545 
                 0.433352                  0.19382                 -0.176789 
                 0.443607                 0.192661                 -0.174093 
                 0.453921                 0.191463                 -0.171456 
                 0.464295                 0.190228                 -0.168878 
                 0.474732                 0.188961                 -0.166357 
                 0.485233                 0.187662                 -0.163893 
                 0.495801                 0.186334                 -0.161485 
                 0.506438                  0.18498                 -0.159132 
                 0.517147                 0.183601                 -0.156831 
                  0.52793                   0.1822                 -0.154584 
                 0.538789                 0.180777                 -0.152387 
                 0.549728                 0.179336                  -0.15024 
                 0.560748                 0.177877                 -0.148141 
                 0.571854                 0.176401                  -0.14609 
                 0.583047                 0.174911                 -0.144085 
                  0.59433                 0.173406                 -0.142125 
                 0.605708                 0.171889                 -0.140209 
                 0.617183                 0.170361                 -0.138335 
                 0.628758                 0.168821                 -0.136503 
                 0.640438                 0.167271                  -0.13471 
                 0.652226                 0.165712                 -0.132957 
                 0.664126                 0.164144                 -0.131241 
                 0.676142                 0.162568                 -0.129562 
                 0.688279                 0.160984                 -0.127918 
                  0.70054                 0.159393                 -0.126309 
                 0.712931                 0.157795                 -0.124733 
                 0.725457                  0.15619                  -0.12319 
                 0.738122                 0.154579                 -0.121678 
                 0.750933                 0.152962                 -0.120196 
                 0.763894                 0.151338                 -0.118744 
                 0.777012                 0.149709                  -0.11732 
                 0.790294                 0.148074                 -0.115924 
                 0.803745                 0.146432                 -0.114554 
                 0.817374                 0.144784                  -0.11321 
                 0.831187                  0.14313                 -0.111892 
                 0.845192                 0.141469                 -0.110597 
                 0.859398                 0.139802                 -0.109326 
                 0.873814                 0.138127                 -0.108077 
                 0.888449                 0.136445                  -0.10685 
                 0.903313                 0.134755                 -0.105645 
                 0.918416                 0.133057                 -0.104459 
                 0.933771                 0.131349                 -0.103294 
                 0.949388                 0.129633                 -0.102148 
                 0.965282                 0.127906                  -0.10102 
                 0.981466                 0.126168                -0.0999098 
                 0.997954                 0.124419                -0.0988172 
                  1.01476                 0.122658                -0.0977412 
                  1.03191                 0.120883                -0.0966814 
                  1.04941                 0.119094                -0.0956372 
                  1.06729                  0.11729                -0.0946081 
                  1.08557                 0.115469                -0.0935937 
                  1.10427                  0.11363                -0.0925934 
                  1.12341                 0.111773                -0.0916068 
                  1.14303                 0.109894                -0.0906336 
                  1.16315                 0.107994                -0.0896732 
                  1.18381                 0.106069                -0.0887254 
                  1.20504                 0.104119                -0.0877898 
                  1.22688                  0.10214                -0.0868661 
                  1.24938                 0.100131                 -0.085954 
                  1.27257                0.0980892                -0.0850533 
                  1.29653                0.0960117                -0.0841638 
                  1.32129                0.0938954                -0.0832855 
                  1.34693                0.0917372                -0.0824183 
                  1.37352                0.0895331                -0.0815621 
                  1.40113                0.0872791                -0.0807171 
                  1.42987                0.0849707                -0.0798836 
                  1.45982                0.0826027                 -0.079062 
                   1.4911                0.0801695                -0.0782529 
                  1.52384                 0.077665                 -0.077457 
                  1.55818                0.0750821                -0.0766753 
                  1.59428                0.0724129                -0.0759093 
                  1.63232                0.0696488                -0.0751609 
                   1.6725                0.0667803                -0.0744326 
                  1.71506                0.0637969                -0.0737276 
                  1.76025                0.0606873                -0.0730498 
                  1.80834                 0.057439                 -0.072404 
                  1.85965                0.0540388                -0.0717967 
                  1.91449                0.0504731                -0.0712363 
                  1.97319                 0.046729                -0.0707333 
                  2.03607                0.0427951                -0.0703005 
                  2.10342                0.0386626                -0.0699526 
                  2.17545                0.0343266                -0.0697069 
                  2.25226                0.0297873                -0.0695831 
                  2.33381                0.0250515                -0.0696027 
                  2.41991                0.0201331                 -0.069788 
                  2.51021                0.0150517                -0.0701608 
                  2.60422                0.0098308                -0.0707419 
                  2.70141               0.00449425                -0.0715499 
                  2.80123             -0.000936219                 -0.072602 
                  2.90317              -0.00644322                -0.0739145 
                   3.0068               -0.0120145                -0.0755043 
                  3.11178               -0.0176427                -0.0773897 
                  3.21786               -0.0233248                -0.0795917 
                  3.32486               -0.0290605                -0.0821351 
                  3.43266               -0.0348509                 -0.085049 
                  3.54119               -0.0406977                -0.0883682 
                  3.65041                -0.046601                -0.0921334 
                   3.7603               -0.0525587                -0.0963925 
                  3.87087               -0.0585642                 -0.101201 
                  3.98212               -0.0646054                 -0.106623 
                  4.09407               -0.0706616                 -0.112734 
                  4.20674               -0.0767013                 -0.119619 
                  4.32016               -0.0826778                 -0.127375 
                  4.43436                -0.088525                 -0.136112 
                  4.54936               -0.0941511                  -0.14595 
                  4.66521               -0.0994303                 -0.157022 
                  4.78194                -0.104193                 -0.169469 
                  4.89957                -0.108215                 -0.183428 
                  5.01815                -0.111203                 -0.199029 
                  5.13772                 -0.11278                  -0.21637 
                  5.25831                -0.112474                 -0.235486 
                  5.37998                -0.109713                 -0.256314 
                  5.50276                -0.103837                  -0.27863 
                   5.6267               -0.0941293                 -0.301985 
                  5.75185                -0.079894                 -0.325642 
                  5.87826               -0.0605811                 -0.348527 
                  6.00598               -0.0359514                 -0.369244 
                  6.13508              -0.00625818                 -0.386186 
                  6.26562                0.0276217                 -0.397751 
                  6.39765                0.0641805                 -0.402649 
                  6.53124                 0.101446                 -0.400203 
                  6.66647                 0.137302                 -0.390526 
                  6.80341                 0.169862                 -0.374504 
                  6.94215                 0.197768                 -0.353577 
                  7.08276                  0.22032                 -0.329424 
                  7.22534                 0.237436                 -0.303664 
                  7.36999                 0.249501                 -0.277654 
                   7.5168                 0.257177                 -0.252399 
                   7.6659                 0.261233                 -0.228563 
                   7.8174                 0.262434                 -0.206517 
                  7.97143                 0.261474                 -0.186418 
                  8.12812                 0.258943                 -0.168275 
                  8.28763                 0.255329                 -0.152005 
                  8.45012                  0.25103                 -0.137472 
                  8.61577                 0.246367                  -0.12452 
                  8.78475                 0.241615                 -0.112986 
                  8.95729                 0.237022                 -0.102712 
                  9.13361                 0.232853                 -0.093552 
                  9.31395                 0.229461                -0.0853723 
                  9.49859                 0.227458                -0.0780542 
                  9.68784                 0.228319                -0.0714924 
                  9.88202                 0.238399                -0.0655949 
                       10                 0.129416                -0.0623829 
